Arguments: 
  C:\Program Files\nodejs\node.exe C:\Users\jongs\AppData\Roaming\npm\node_modules\yarn\bin\yarn.js run build

PATH: 
  C:\Program Files\Git\mingw64\bin;C:\Program Files\Git\usr\bin;C:\Users\jongs\bin;C:\Program Files (x86)\Common Files\Intel\Shared Libraries\redist\intel64\compiler;C:\Python39\Scripts;C:\Python39;C:\WINDOWS\system32;C:\WINDOWS;C:\WINDOWS\System32\Wbem;C:\WINDOWS\System32\WindowsPowerShell\v1.0;C:\WINDOWS\System32\OpenSSH;C:\Program Files\nodejs;C:\ProgramData\chocolatey\bin;C:\Program Files\Git\cmd;C:\Users\jongs\AppData\Local\Microsoft\WindowsApps;C:\Users\jongs\AppData\Roaming\npm;C:\Users\jongs\AppData\Local\Programs\Microsoft VS Code\bin

Yarn version: 
  1.22.10

Node version: 
  14.15.4

Platform: 
  win32 x64

Trace: 
  SyntaxError: C:\Users\jongs\Desktop\projects\days-out\package.json: Unexpected token } in JSON at position 223
      at JSON.parse (<anonymous>)
      at C:\Users\jongs\AppData\Roaming\npm\node_modules\yarn\lib\cli.js:1625:59
      at Generator.next (<anonymous>)
      at step (C:\Users\jongs\AppData\Roaming\npm\node_modules\yarn\lib\cli.js:310:30)
      at C:\Users\jongs\AppData\Roaming\npm\node_modules\yarn\lib\cli.js:321:13

npm manifest: 
  {
    "name": "days-out",
    "version": "1.0.0",
    "description": "",
    "main": "dist/index.html",
    "scripts": {
      "dev": "npm run cleanup && parcel index.html",
      "build": "npm run cleanup && parcel build index.html",
    },
    "keywords": [],
    "author": "",
    "license": "ISC",
    "dependencies": {
      "sass": "1.26.11"
    },
    "devDependencies": {
      "gsap": "3.5.1",
      "parcel": "^2.0.0-beta.1"
    }
  }

yarn manifest: 
  No manifest

Lockfile: 
  No lockfile
